<?xml version="1.0" encoding="UTF-8"?>
<testng-results ignored="0" total="1" passed="1" failed="0" skipped="0">
  <reporter-output>
  </reporter-output>
  <suite started-at="2023-01-05T21:47:43Z" name="Default suite" finished-at="2023-01-05T21:47:46Z" duration-ms="3202">
    <groups>
    </groups>
    <test started-at="2023-01-05T21:47:43Z" name="Default test" finished-at="2023-01-05T21:47:46Z" duration-ms="3202">
      <class name="RestAPI.EndToEndTest">
        <test-method signature="test()[pri:0, instance:RestAPI.EndToEndTest@3148f668]" started-at="2023-01-05T21:47:43Z" name="test" finished-at="2023-01-05T21:47:46Z" duration-ms="3162" status="PASS">
          <reporter-output>
          </reporter-output>
        </test-method> <!-- test -->
      </class> <!-- RestAPI.EndToEndTest -->
    </test> <!-- Default test -->
  </suite> <!-- Default suite -->
</testng-results>
